<?xml version="1.0" encoding="UTF-8"?>
<!-- Generated by org.testng.reporters.JUnitXMLReporter -->
<testsuite hostname="DESKTOP-NJU48P2" ignored="0" name="Default test" tests="2" failures="0" timestamp="25 Feb 2019 14:02:05 GMT" time="63.839" errors="0">
  <testcase name="TC_001" time="12.004" classname="org.automation.twitter.testcases.TC_001_ValidateLogin"/>
  <testcase name="TC_001" time="5.807" classname="org.automation.twitter.testcases.TC_001_ValidateLogin"/>
</testsuite> <!-- Default test -->
